<?xml version="1.0" encoding="UTF-8"?>
<testng-results ignored="1" total="2" passed="1" failed="0" skipped="0">
  <reporter-output>
  </reporter-output>
  <suite started-at="2024-05-01T17:02:40 IST" name="Default suite" finished-at="2024-05-01T17:03:07 IST" duration-ms="26046">
    <groups>
    </groups>
    <test started-at="2024-05-01T17:02:40 IST" name="Default test" finished-at="2024-05-01T17:03:07 IST" duration-ms="26046">
      <class name="website.Homepage">
        <test-method is-config="true" signature="beforeTest()[pri:0, instance:website.Homepage@71ba6d4e]" started-at="2024-05-01T17:02:40 IST" name="beforeTest" finished-at="2024-05-01T17:02:43 IST" duration-ms="2877" status="PASS">
          <reporter-output>
          </reporter-output>
        </test-method> <!-- beforeTest -->
        <test-method signature="subscriptionPlanChange()[pri:0, instance:website.Homepage@71ba6d4e]" started-at="2024-05-01T17:02:43 IST" name="subscriptionPlanChange" finished-at="2024-05-01T17:03:07 IST" duration-ms="23122" status="PASS">
          <reporter-output>
          </reporter-output>
        </test-method> <!-- subscriptionPlanChange -->
      </class> <!-- website.Homepage -->
    </test> <!-- Default test -->
  </suite> <!-- Default suite -->
</testng-results>
